Temp/gradleOut/launcher/build/intermediates/manifest_merge_blame_file/release/manifest-merger-blame-release-report.txt
1<?xml version="1.0" encoding="utf-8"?>
2<!-- GENERATED BY UNITY. REMOVE THIS COMMENT TO PREVENT OVERWRITING WHEN EXPORTING AGAIN -->
3<manifest xmlns:android="http://schemas.android.com/apk/res/android"
4    package="com.DefaultCompany.XrBowling2master"
5    android:installLocation="preferExternal"
6    android:versionCode="1"
7    android:versionName="1.0" >
8
9    <uses-sdk
10        android:minSdkVersion="23"
10-->src\main\AndroidManifest.xml
11        android:targetSdkVersion="30" />
11-->src\main\AndroidManifest.xml
12
13    <supports-screens
13-->src\main\AndroidManifest.xml:4:3-163
14        android:anyDensity="true"
14-->src\main\AndroidManifest.xml:4:135-160
15        android:largeScreens="true"
15-->src\main\AndroidManifest.xml:4:78-105
16        android:normalScreens="true"
16-->src\main\AndroidManifest.xml:4:49-77
17        android:smallScreens="true"
17-->src\main\AndroidManifest.xml:4:21-48
18        android:xlargeScreens="true" />
18-->src\main\AndroidManifest.xml:4:106-134
19
20    <uses-feature
20-->[:unityLibrary] AndroidManifest.xml:12:5-15:31
21        android:name="android.hardware.vr.headtracking"
21-->[:unityLibrary] AndroidManifest.xml:13:9-56
22        android:required="true"
22-->[:unityLibrary] AndroidManifest.xml:14:9-32
23        android:version="1" />
23-->[:unityLibrary] AndroidManifest.xml:15:9-28
24    <uses-feature android:glEsVersion="0x00020000" />
24-->[:unityLibrary] AndroidManifest.xml:16:5-54
24-->[:unityLibrary] AndroidManifest.xml:16:19-51
25
26    <uses-permission android:name="android.permission.INTERNET" />
26-->[:unityLibrary] AndroidManifest.xml:18:5-67
26-->[:unityLibrary] AndroidManifest.xml:18:22-64
27    <uses-permission android:name="android.permission.CAMERA" />
27-->[:unityLibrary] AndroidManifest.xml:19:5-65
27-->[:unityLibrary] AndroidManifest.xml:19:22-62
28
29    <uses-feature
29-->[:unityLibrary] AndroidManifest.xml:21:5-23:36
30        android:name="android.hardware.camera"
30-->[:unityLibrary] AndroidManifest.xml:22:9-47
31        android:required="false" />
31-->[:unityLibrary] AndroidManifest.xml:23:9-33
32    <uses-feature
32-->[:unityLibrary] AndroidManifest.xml:24:5-26:36
33        android:name="android.hardware.camera.autofocus"
33-->[:unityLibrary] AndroidManifest.xml:25:9-57
34        android:required="false" />
34-->[:unityLibrary] AndroidManifest.xml:26:9-33
35    <uses-feature
35-->[:unityLibrary] AndroidManifest.xml:27:5-29:36
36        android:name="android.hardware.camera.front"
36-->[:unityLibrary] AndroidManifest.xml:28:9-53
37        android:required="false" />
37-->[:unityLibrary] AndroidManifest.xml:29:9-33
38    <uses-feature
38-->[:unityLibrary] AndroidManifest.xml:30:5-32:36
39        android:name="android.hardware.touchscreen"
39-->[:unityLibrary] AndroidManifest.xml:31:9-52
40        android:required="false" />
40-->[:unityLibrary] AndroidManifest.xml:32:9-33
41    <uses-feature
41-->[:unityLibrary] AndroidManifest.xml:33:5-35:36
42        android:name="android.hardware.touchscreen.multitouch"
42-->[:unityLibrary] AndroidManifest.xml:34:9-63
43        android:required="false" />
43-->[:unityLibrary] AndroidManifest.xml:35:9-33
44    <uses-feature
44-->[:unityLibrary] AndroidManifest.xml:36:5-38:36
45        android:name="android.hardware.touchscreen.multitouch.distinct"
45-->[:unityLibrary] AndroidManifest.xml:37:9-72
46        android:required="false" />
46-->[:unityLibrary] AndroidManifest.xml:38:9-33
47
48    <application
48-->src\main\AndroidManifest.xml:5:3-116
49        android:allowBackup="false"
49-->[:unityLibrary] AndroidManifest.xml:41:9-36
50        android:extractNativeLibs="true"
50-->src\main\AndroidManifest.xml:5:16-48
51        android:icon="@mipmap/app_icon"
51-->src\main\AndroidManifest.xml:5:82-113
52        android:label="@string/app_name" >
52-->src\main\AndroidManifest.xml:5:49-81
53        <activity
53-->[:unityLibrary] AndroidManifest.xml:44:9-66:20
54            android:name="com.unity3d.player.UnityPlayerActivity"
54-->[:unityLibrary] AndroidManifest.xml:45:13-66
55            android:configChanges="keyboard|keyboardHidden|navigation|orientation|screenLayout|screenSize|uiMode"
55-->[:unityLibrary] AndroidManifest.xml:46:13-114
56            android:excludeFromRecents="true"
56-->[:unityLibrary] AndroidManifest.xml:47:13-46
57            android:hardwareAccelerated="false"
57-->[:unityLibrary] AndroidManifest.xml:48:13-48
58            android:launchMode="singleTask"
58-->[:unityLibrary] AndroidManifest.xml:49:13-44
59            android:resizeableActivity="false"
59-->[:unityLibrary] AndroidManifest.xml:50:13-47
60            android:screenOrientation="landscape"
60-->[:unityLibrary] AndroidManifest.xml:51:13-50
61            android:theme="@android:style/Theme.Black.NoTitleBar.Fullscreen" >
61-->[:unityLibrary] AndroidManifest.xml:52:13-77
62            <intent-filter>
62-->[:unityLibrary] AndroidManifest.xml:53:13-58:29
63                <action android:name="android.intent.action.MAIN" />
63-->[:unityLibrary] AndroidManifest.xml:54:17-69
63-->[:unityLibrary] AndroidManifest.xml:54:25-66
64
65                <category android:name="android.intent.category.LAUNCHER" />
65-->[:unityLibrary] AndroidManifest.xml:56:17-77
65-->[:unityLibrary] AndroidManifest.xml:56:27-74
66                <category android:name="com.oculus.intent.category.VR" />
66-->[:unityLibrary] AndroidManifest.xml:57:17-74
66-->[:unityLibrary] AndroidManifest.xml:57:27-71
67            </intent-filter>
68
69            <meta-data
69-->[:unityLibrary] AndroidManifest.xml:60:13-62:40
70                android:name="android.notch_support"
70-->[:unityLibrary] AndroidManifest.xml:61:17-53
71                android:value="true" />
71-->[:unityLibrary] AndroidManifest.xml:62:17-37
72            <meta-data
72-->[:unityLibrary] AndroidManifest.xml:63:13-65:40
73                android:name="com.oculus.vr.focusaware"
73-->[:unityLibrary] AndroidManifest.xml:64:17-56
74                android:value="true" />
74-->[:unityLibrary] AndroidManifest.xml:65:17-37
75        </activity>
76
77        <meta-data
77-->[:unityLibrary] AndroidManifest.xml:68:9-70:37
78            android:name="unityplayer.SkipPermissionsDialog"
78-->[:unityLibrary] AndroidManifest.xml:69:13-61
79            android:value="false" />
79-->[:unityLibrary] AndroidManifest.xml:70:13-34
80        <meta-data
80-->[:unityLibrary] AndroidManifest.xml:71:9-73:39
81            android:name="com.samsung.android.vr.application.mode"
81-->[:unityLibrary] AndroidManifest.xml:72:13-67
82            android:value="vr_only" />
82-->[:unityLibrary] AndroidManifest.xml:73:13-36
83        <meta-data
83-->[:unityLibrary] AndroidManifest.xml:74:9-76:33
84            android:name="unity.splash-mode"
84-->[:unityLibrary] AndroidManifest.xml:75:13-45
85            android:value="0" />
85-->[:unityLibrary] AndroidManifest.xml:76:13-30
86        <meta-data
86-->[:unityLibrary] AndroidManifest.xml:77:9-79:36
87            android:name="unity.splash-enable"
87-->[:unityLibrary] AndroidManifest.xml:78:13-47
88            android:value="True" />
88-->[:unityLibrary] AndroidManifest.xml:79:13-33
89        <meta-data
89-->[:unityLibrary] AndroidManifest.xml:80:9-82:36
90            android:name="unity.launch-fullscreen"
90-->[:unityLibrary] AndroidManifest.xml:81:13-51
91            android:value="True" />
91-->[:unityLibrary] AndroidManifest.xml:82:13-33
92        <meta-data
92-->[:unityLibrary] AndroidManifest.xml:83:9-85:37
93            android:name="unity.allow-resizable-window"
93-->[:unityLibrary] AndroidManifest.xml:84:13-56
94            android:value="False" />
94-->[:unityLibrary] AndroidManifest.xml:85:13-34
95        <meta-data
95-->[:unityLibrary] AndroidManifest.xml:86:9-88:50
96            android:name="notch.config"
96-->[:unityLibrary] AndroidManifest.xml:87:13-40
97            android:value="portrait|landscape" />
97-->[:unityLibrary] AndroidManifest.xml:88:13-47
98        <meta-data
98-->[:unityLibrary] AndroidManifest.xml:89:9-91:68
99            android:name="unity.build-id"
99-->[:unityLibrary] AndroidManifest.xml:90:13-42
100            android:value="6b2c2ef5-8e85-4985-9cc4-36cc6f91e501" />
100-->[:unityLibrary] AndroidManifest.xml:91:13-65
101        <meta-data
101-->[:unityLibrary] AndroidManifest.xml:92:9-94:37
102            android:name="com.unity.xr.oculus.LowOverheadMode"
102-->[:unityLibrary] AndroidManifest.xml:93:13-63
103            android:value="false" />
103-->[:unityLibrary] AndroidManifest.xml:94:13-34
104        <meta-data
104-->[:unityLibrary] AndroidManifest.xml:95:9-97:44
105            android:name="com.oculus.supportedDevices"
105-->[:unityLibrary] AndroidManifest.xml:96:13-55
106            android:value="quest|quest2" />
106-->[:unityLibrary] AndroidManifest.xml:97:13-41
107    </application>
108
109</manifest>